<?xml version="1.0" encoding="UTF-8"?>
<testsuite xmlns:xsi="http://www.w3.org/2001/XMLSchema-instance" xsi:noNamespaceSchemaLocation="https://maven.apache.org/surefire/maven-failsafe-plugin/xsd/failsafe-test-report-3.0.xsd" version="3.0" name="be.iramps.ue1103.mvc.ITApp" time="0.936" tests="1" errors="0" skipped="0" failures="0">
  <properties>
    <property name="java.specification.version" value="17"/>
    <property name="sun.cpu.isalist" value="amd64"/>
    <property name="sun.jnu.encoding" value="Cp1252"/>
    <property name="java.class.path" value="d:\IRAM\Cours\UE1103\Cours\exercices\mvc\target\test-classes;C:\Users\gpoulet.WTY-NOT-410\.m2\repository\org\openjfx\javafx-controls\17.0.9\javafx-controls-17.0.9.jar;C:\Users\gpoulet.WTY-NOT-410\.m2\repository\org\openjfx\javafx-graphics\17.0.9\javafx-graphics-17.0.9.jar;C:\Users\gpoulet.WTY-NOT-410\.m2\repository\org\openjfx\javafx-base\17.0.9\javafx-base-17.0.9.jar;C:\Users\gpoulet.WTY-NOT-410\.m2\repository\org\openjfx\javafx-fxml\17.0.9\javafx-fxml-17.0.9.jar;C:\Users\gpoulet.WTY-NOT-410\.m2\repository\org\junit\jupiter\junit-jupiter\5.10.0\junit-jupiter-5.10.0.jar;C:\Users\gpoulet.WTY-NOT-410\.m2\repository\org\junit\jupiter\junit-jupiter-api\5.10.0\junit-jupiter-api-5.10.0.jar;C:\Users\gpoulet.WTY-NOT-410\.m2\repository\org\opentest4j\opentest4j\1.3.0\opentest4j-1.3.0.jar;C:\Users\gpoulet.WTY-NOT-410\.m2\repository\org\junit\platform\junit-platform-commons\1.10.0\junit-platform-commons-1.10.0.jar;C:\Users\gpoulet.WTY-NOT-410\.m2\repository\org\apiguardian\apiguardian-api\1.1.2\apiguardian-api-1.1.2.jar;C:\Users\gpoulet.WTY-NOT-410\.m2\repository\org\junit\jupiter\junit-jupiter-params\5.10.0\junit-jupiter-params-5.10.0.jar;C:\Users\gpoulet.WTY-NOT-410\.m2\repository\org\junit\jupiter\junit-jupiter-engine\5.10.0\junit-jupiter-engine-5.10.0.jar;C:\Users\gpoulet.WTY-NOT-410\.m2\repository\org\junit\platform\junit-platform-engine\1.10.0\junit-platform-engine-1.10.0.jar;C:\Users\gpoulet.WTY-NOT-410\.m2\repository\org\mockito\mockito-core\5.3.1\mockito-core-5.3.1.jar;C:\Users\gpoulet.WTY-NOT-410\.m2\repository\net\bytebuddy\byte-buddy\1.14.4\byte-buddy-1.14.4.jar;C:\Users\gpoulet.WTY-NOT-410\.m2\repository\net\bytebuddy\byte-buddy-agent\1.14.4\byte-buddy-agent-1.14.4.jar;C:\Users\gpoulet.WTY-NOT-410\.m2\repository\org\objenesis\objenesis\3.3\objenesis-3.3.jar;C:\Users\gpoulet.WTY-NOT-410\.m2\repository\org\checkerframework\checker-qual\3.31.0\checker-qual-3.31.0.jar;"/>
    <property name="java.vm.vendor" value="Oracle Corporation"/>
    <property name="sun.arch.data.model" value="64"/>
    <property name="user.variant" value=""/>
    <property name="java.vendor.url" value="https://java.oracle.com/"/>
    <property name="user.timezone" value="Europe/Brussels"/>
    <property name="os.name" value="Windows 11"/>
    <property name="java.vm.specification.version" value="17"/>
    <property name="sun.java.launcher" value="SUN_STANDARD"/>
    <property name="user.country" value="BE"/>
    <property name="sun.boot.library.path" value="C:\Program Files\Java\jdk-17\bin"/>
    <property name="sun.java.command" value="org.apache.maven.surefire.booter.ForkedBooter C:\Users\gpoulet.WTY-NOT-410\AppData\Local\Temp\surefire7429107058136020359 2023-11-20T16-24-36_222-jvmRun1 surefire-20231120162436749_1tmp surefire_0-20231120162436749_2tmp"/>
    <property name="jdk.debug" value="release"/>
    <property name="surefire.test.class.path" value="d:\IRAM\Cours\UE1103\Cours\exercices\mvc\target\test-classes;C:\Users\gpoulet.WTY-NOT-410\.m2\repository\org\openjfx\javafx-controls\17.0.9\javafx-controls-17.0.9.jar;C:\Users\gpoulet.WTY-NOT-410\.m2\repository\org\openjfx\javafx-graphics\17.0.9\javafx-graphics-17.0.9.jar;C:\Users\gpoulet.WTY-NOT-410\.m2\repository\org\openjfx\javafx-base\17.0.9\javafx-base-17.0.9.jar;C:\Users\gpoulet.WTY-NOT-410\.m2\repository\org\openjfx\javafx-fxml\17.0.9\javafx-fxml-17.0.9.jar;C:\Users\gpoulet.WTY-NOT-410\.m2\repository\org\junit\jupiter\junit-jupiter\5.10.0\junit-jupiter-5.10.0.jar;C:\Users\gpoulet.WTY-NOT-410\.m2\repository\org\junit\jupiter\junit-jupiter-api\5.10.0\junit-jupiter-api-5.10.0.jar;C:\Users\gpoulet.WTY-NOT-410\.m2\repository\org\opentest4j\opentest4j\1.3.0\opentest4j-1.3.0.jar;C:\Users\gpoulet.WTY-NOT-410\.m2\repository\org\junit\platform\junit-platform-commons\1.10.0\junit-platform-commons-1.10.0.jar;C:\Users\gpoulet.WTY-NOT-410\.m2\repository\org\apiguardian\apiguardian-api\1.1.2\apiguardian-api-1.1.2.jar;C:\Users\gpoulet.WTY-NOT-410\.m2\repository\org\junit\jupiter\junit-jupiter-params\5.10.0\junit-jupiter-params-5.10.0.jar;C:\Users\gpoulet.WTY-NOT-410\.m2\repository\org\junit\jupiter\junit-jupiter-engine\5.10.0\junit-jupiter-engine-5.10.0.jar;C:\Users\gpoulet.WTY-NOT-410\.m2\repository\org\junit\platform\junit-platform-engine\1.10.0\junit-platform-engine-1.10.0.jar;C:\Users\gpoulet.WTY-NOT-410\.m2\repository\org\mockito\mockito-core\5.3.1\mockito-core-5.3.1.jar;C:\Users\gpoulet.WTY-NOT-410\.m2\repository\net\bytebuddy\byte-buddy\1.14.4\byte-buddy-1.14.4.jar;C:\Users\gpoulet.WTY-NOT-410\.m2\repository\net\bytebuddy\byte-buddy-agent\1.14.4\byte-buddy-agent-1.14.4.jar;C:\Users\gpoulet.WTY-NOT-410\.m2\repository\org\objenesis\objenesis\3.3\objenesis-3.3.jar;C:\Users\gpoulet.WTY-NOT-410\.m2\repository\org\checkerframework\checker-qual\3.31.0\checker-qual-3.31.0.jar;"/>
    <property name="sun.cpu.endian" value="little"/>
    <property name="user.home" value="C:\Users\gpoulet.WTY-NOT-410"/>
    <property name="user.language" value="fr"/>
    <property name="java.specification.vendor" value="Oracle Corporation"/>
    <property name="jdk.module.path" value="d:\IRAM\Cours\UE1103\Cours\exercices\mvc\target\mvc-1.0-SNAPSHOT.jar;C:\Users\gpoulet.WTY-NOT-410\.m2\repository\org\openjfx\javafx-controls\17.0.9\javafx-controls-17.0.9-win.jar;C:\Users\gpoulet.WTY-NOT-410\.m2\repository\org\openjfx\javafx-graphics\17.0.9\javafx-graphics-17.0.9-win.jar;C:\Users\gpoulet.WTY-NOT-410\.m2\repository\org\openjfx\javafx-base\17.0.9\javafx-base-17.0.9-win.jar;C:\Users\gpoulet.WTY-NOT-410\.m2\repository\org\openjfx\javafx-fxml\17.0.9\javafx-fxml-17.0.9-win.jar;C:\Users\gpoulet.WTY-NOT-410\.m2\repository\org\postgresql\postgresql\42.6.0\postgresql-42.6.0.jar"/>
    <property name="java.version.date" value="2023-04-18"/>
    <property name="java.home" value="C:\Program Files\Java\jdk-17"/>
    <property name="file.separator" value="\"/>
    <property name="basedir" value="d:\IRAM\Cours\UE1103\Cours\exercices\mvc"/>
    <property name="java.vm.compressedOopsMode" value="Zero based"/>
    <property name="line.separator" value="&#10;"/>
    <property name="java.vm.specification.vendor" value="Oracle Corporation"/>
    <property name="java.specification.name" value="Java Platform API Specification"/>
    <property name="surefire.real.class.path" value="C:\Users\gpoulet.WTY-NOT-410\.m2\repository\org\apache\maven\surefire\surefire-api\3.1.2\surefire-api-3.1.2.jar;C:\Users\gpoulet.WTY-NOT-410\.m2\repository\org\apache\maven\surefire\surefire-booter\3.1.2\surefire-booter-3.1.2.jar;C:\Users\gpoulet.WTY-NOT-410\.m2\repository\org\apache\maven\surefire\surefire-extensions-spi\3.1.2\surefire-extensions-spi-3.1.2.jar;C:\Users\gpoulet.WTY-NOT-410\.m2\repository\org\apache\maven\surefire\surefire-logger-api\3.1.2\surefire-logger-api-3.1.2.jar;C:\Users\gpoulet.WTY-NOT-410\.m2\repository\org\apache\maven\surefire\surefire-shared-utils\3.1.2\surefire-shared-utils-3.1.2.jar;d:\IRAM\Cours\UE1103\Cours\exercices\mvc\target\test-classes;C:\Users\gpoulet.WTY-NOT-410\.m2\repository\org\openjfx\javafx-controls\17.0.9\javafx-controls-17.0.9.jar;C:\Users\gpoulet.WTY-NOT-410\.m2\repository\org\openjfx\javafx-graphics\17.0.9\javafx-graphics-17.0.9.jar;C:\Users\gpoulet.WTY-NOT-410\.m2\repository\org\openjfx\javafx-base\17.0.9\javafx-base-17.0.9.jar;C:\Users\gpoulet.WTY-NOT-410\.m2\repository\org\openjfx\javafx-fxml\17.0.9\javafx-fxml-17.0.9.jar;C:\Users\gpoulet.WTY-NOT-410\.m2\repository\org\junit\jupiter\junit-jupiter\5.10.0\junit-jupiter-5.10.0.jar;C:\Users\gpoulet.WTY-NOT-410\.m2\repository\org\junit\jupiter\junit-jupiter-api\5.10.0\junit-jupiter-api-5.10.0.jar;C:\Users\gpoulet.WTY-NOT-410\.m2\repository\org\opentest4j\opentest4j\1.3.0\opentest4j-1.3.0.jar;C:\Users\gpoulet.WTY-NOT-410\.m2\repository\org\junit\platform\junit-platform-commons\1.10.0\junit-platform-commons-1.10.0.jar;C:\Users\gpoulet.WTY-NOT-410\.m2\repository\org\apiguardian\apiguardian-api\1.1.2\apiguardian-api-1.1.2.jar;C:\Users\gpoulet.WTY-NOT-410\.m2\repository\org\junit\jupiter\junit-jupiter-params\5.10.0\junit-jupiter-params-5.10.0.jar;C:\Users\gpoulet.WTY-NOT-410\.m2\repository\org\junit\jupiter\junit-jupiter-engine\5.10.0\junit-jupiter-engine-5.10.0.jar;C:\Users\gpoulet.WTY-NOT-410\.m2\repository\org\junit\platform\junit-platform-engine\1.10.0\junit-platform-engine-1.10.0.jar;C:\Users\gpoulet.WTY-NOT-410\.m2\repository\org\mockito\mockito-core\5.3.1\mockito-core-5.3.1.jar;C:\Users\gpoulet.WTY-NOT-410\.m2\repository\net\bytebuddy\byte-buddy\1.14.4\byte-buddy-1.14.4.jar;C:\Users\gpoulet.WTY-NOT-410\.m2\repository\net\bytebuddy\byte-buddy-agent\1.14.4\byte-buddy-agent-1.14.4.jar;C:\Users\gpoulet.WTY-NOT-410\.m2\repository\org\objenesis\objenesis\3.3\objenesis-3.3.jar;C:\Users\gpoulet.WTY-NOT-410\.m2\repository\org\checkerframework\checker-qual\3.31.0\checker-qual-3.31.0.jar;C:\Users\gpoulet.WTY-NOT-410\.m2\repository\org\apache\maven\surefire\surefire-junit-platform\3.1.2\surefire-junit-platform-3.1.2.jar;C:\Users\gpoulet.WTY-NOT-410\.m2\repository\org\apache\maven\surefire\common-java5\3.1.2\common-java5-3.1.2.jar;C:\Users\gpoulet.WTY-NOT-410\.m2\repository\org\junit\platform\junit-platform-launcher\1.10.0\junit-platform-launcher-1.10.0.jar"/>
    <property name="user.script" value=""/>
    <property name="sun.management.compiler" value="HotSpot 64-Bit Tiered Compilers"/>
    <property name="java.runtime.version" value="17.0.7+8-LTS-224"/>
    <property name="user.name" value="gpoulet"/>
    <property name="path.separator" value=";"/>
    <property name="os.version" value="10.0"/>
    <property name="java.runtime.name" value="Java(TM) SE Runtime Environment"/>
    <property name="file.encoding" value="Cp1252"/>
    <property name="java.vm.name" value="Java HotSpot(TM) 64-Bit Server VM"/>
    <property name="localRepository" value="C:\Users\gpoulet.WTY-NOT-410\.m2\repository"/>
    <property name="java.vendor.url.bug" value="https://bugreport.java.com/bugreport/"/>
    <property name="java.io.tmpdir" value="C:\Users\GPOULE~1.WTY\AppData\Local\Temp\"/>
    <property name="java.version" value="17.0.7"/>
    <property name="user.dir" value="d:\IRAM\Cours\UE1103\Cours\exercices\mvc"/>
    <property name="os.arch" value="amd64"/>
    <property name="java.vm.specification.name" value="Java Virtual Machine Specification"/>
    <property name="sun.os.patch.level" value=""/>
    <property name="native.encoding" value="Cp1252"/>
    <property name="java.library.path" value="C:\Program Files\Java\jdk-17\bin;C:\WINDOWS\Sun\Java\bin;C:\WINDOWS\system32;C:\WINDOWS;C:\Program Files\PowerShell\7;C:\Program Files\Common Files\Oracle\Java\javapath;C:\Program Files\Eclipse Adoptium\jre-8.0.345.1-hotspot\bin;C:\Program Files\Eclipse Adoptium\jre-11.0.16.8-hotspot\bin;C:\Program Files (x86)\Eclipse Adoptium\jre-8.0.345.1-hotspot\bin;C:\Program Files (x86)\Common Files\Oracle\Java\javapath;C:\Program Files\AdoptOpenJDK\jdk-11.0.4.11-hotspot\bin;C:\Program Files\AdoptOpenJDK\jdk-8.0.222.10-hotspot\bin;C:\Program Files (x86)\AdoptOpenJDK\jdk-8.0.222.10-hotspot\bin;C:\WINDOWS\system32;C:\WINDOWS;C:\WINDOWS\System32\Wbem;C:\WINDOWS\System32\WindowsPowerShell\v1.0\;C:\WINDOWS\System32\OpenSSH\;C:\Program Files\Intel\WiFi\bin\;C:\Program Files\Common Files\Intel\WirelessCommon\;C:\Program Files\NVIDIA Corporation\NVIDIA NvDLISR;C:\Program Files\PowerShell\7\;C:\Program Files\AdoptOpenJDK\jre-8.0.222.10-hotspot\bin;C:\Program Files\AdoptOpenJDK\jre-11.0.4.11-hotspot\bin;C:\Program Files (x86)\AdoptOpenJDK\jre-8.0.222.10-hotspot\bin;C:\Users\gpoulet\AppData\Local\Microsoft\WindowsApps;C:\Users\gpoulet\AppData\Local\Programs\Microsoft VS Code\bin;D:\Powershell;C:\WINDOWS\system32;C:\WINDOWS;C:\WINDOWS\System32\Wbem;C:\WINDOWS\System32\WindowsPowerShell\v1.0\;C:\WINDOWS\System32\OpenSSH\;C:\Program Files\Git\cmd;C:\Users\gpoulet.WTY-NOT-410\AppData\Local\Programs\Python\Python311\Scripts\;C:\Users\gpoulet.WTY-NOT-410\AppData\Local\Programs\Python\Python311\;C:\Users\gpoulet.WTY-NOT-410\.cargo\bin;C:\Users\gpoulet.WTY-NOT-410\AppData\Local\Microsoft\WindowsApps;C:\Users\gpoulet.WTY-NOT-410\AppData\Local\Programs\Microsoft VS Code\bin;."/>
    <property name="java.vm.info" value="mixed mode"/>
    <property name="java.vendor" value="Oracle Corporation"/>
    <property name="java.vm.version" value="17.0.7+8-LTS-224"/>
    <property name="sun.io.unicode.encoding" value="UnicodeLittle"/>
    <property name="java.class.version" value="61.0"/>
  </properties>
  <testcase name="happyPath" classname="be.iramps.ue1103.mvc.ITApp" time="0.142"/>
</testsuite>